<?xml version="1.0" encoding="UTF-8"?>
<testng-results ignored="0" total="1" passed="1" failed="0" skipped="0">
  <reporter-output>
  </reporter-output>
  <suite started-at="2022-08-01T22:44:04 AST" name="Default suite" finished-at="2022-08-01T22:44:07 AST" duration-ms="3351">
    <groups>
    </groups>
    <test started-at="2022-08-01T22:44:04 AST" name="Default test" finished-at="2022-08-01T22:44:07 AST" duration-ms="3351">
      <class name="ass1Readingdisabledtextfield.ChromWebDriverReadingDisabledTextField">
        <test-method is-config="true" signature="setUp()[pri:0, instance:ass1Readingdisabledtextfield.ChromWebDriverReadingDisabledTextField@7880cdf3]" started-at="2022-08-01T22:44:04 AST" name="setUp" finished-at="2022-08-01T22:44:07 AST" duration-ms="2693" status="PASS">
          <reporter-output>
          </reporter-output>
        </test-method> <!-- setUp -->
        <test-method signature="LearnEnglishWebSite()[pri:0, instance:ass1Readingdisabledtextfield.ChromWebDriverReadingDisabledTextField@7880cdf3]" started-at="2022-08-01T22:44:07 AST" name="LearnEnglishWebSite" finished-at="2022-08-01T22:44:07 AST" duration-ms="129" status="PASS">
          <reporter-output>
          </reporter-output>
        </test-method> <!-- LearnEnglishWebSite -->
        <test-method is-config="true" signature="terminateBrowser()[pri:0, instance:ass1Readingdisabledtextfield.ChromWebDriverReadingDisabledTextField@7880cdf3]" started-at="2022-08-01T22:44:07 AST" name="terminateBrowser" finished-at="2022-08-01T22:44:07 AST" duration-ms="474" status="PASS">
          <reporter-output>
          </reporter-output>
        </test-method> <!-- terminateBrowser -->
      </class> <!-- ass1Readingdisabledtextfield.ChromWebDriverReadingDisabledTextField -->
    </test> <!-- Default test -->
  </suite> <!-- Default suite -->
</testng-results>
